Reading netlist file: "C:\Tupao\GowinFPGA\GowinProjects\2.Data_acquisition_expansion_singlePSRAM\impl\gwsynthesis\Expansion.vg"
Parsing netlist file "C:\Tupao\GowinFPGA\GowinProjects\2.Data_acquisition_expansion_singlePSRAM\impl\gwsynthesis\Expansion.vg" completed
Processing netlist completed
Reading constraint file: "C:\Tupao\GowinFPGA\GowinProjects\2.Data_acquisition_expansion_singlePSRAM\src\PSRAM_UART_pins.cst"
Physical Constraint parsed completed
Running placement......
[10%] Placement Phase 0 completed
[20%] Placement Phase 1 completed
[30%] Placement Phase 2 completed
[50%] Placement Phase 3 completed
Running routing......
[60%] Routing Phase 0 completed
[70%] Routing Phase 1 completed
[80%] Routing Phase 2 completed
[90%] Routing Phase 3 completed
Running timing analysis......
[95%] Timing analysis completed
Placement and routing completed
Bitstream generation in progress......
Bitstream generation completed
Running power analysis......
[100%] Power analysis completed
Generate file "C:\Tupao\GowinFPGA\GowinProjects\2.Data_acquisition_expansion_singlePSRAM\impl\pnr\Expansion.power.html" completed
Generate file "C:\Tupao\GowinFPGA\GowinProjects\2.Data_acquisition_expansion_singlePSRAM\impl\pnr\Expansion.pin.html" completed
Generate file "C:\Tupao\GowinFPGA\GowinProjects\2.Data_acquisition_expansion_singlePSRAM\impl\pnr\Expansion.rpt.html" completed
Generate file "C:\Tupao\GowinFPGA\GowinProjects\2.Data_acquisition_expansion_singlePSRAM\impl\pnr\Expansion.rpt.txt" completed
Generate file "C:\Tupao\GowinFPGA\GowinProjects\2.Data_acquisition_expansion_singlePSRAM\impl\pnr\Expansion.tr.html" completed
Sun May  4 20:55:56 2025

