GowinSynthesis start
Running parser ...
Analyzing Verilog file 'C:\Users\GuilhermeY\Github\GowinFPGA\GowinProjects\Tang_Nano_1k\src\gowin_rpll\grPLL_27_to_84.v'
Analyzing Verilog file 'C:\Users\GuilhermeY\Github\GowinFPGA\GowinProjects\Tang_Nano_1k\src\PSRAM.v'
Undeclared symbol 'com_start', assumed default net type 'wire'("C:\Users\GuilhermeY\Github\GowinFPGA\GowinProjects\Tang_Nano_1k\src\PSRAM.v":41)
Analyzing Verilog file 'C:\Users\GuilhermeY\Github\GowinFPGA\GowinProjects\Tang_Nano_1k\src\TOP.v'
Undeclared symbol 'clock', assumed default net type 'wire'("C:\Users\GuilhermeY\Github\GowinFPGA\GowinProjects\Tang_Nano_1k\src\TOP.v":53)
Undeclared symbol 'qpi_on', assumed default net type 'wire'("C:\Users\GuilhermeY\Github\GowinFPGA\GowinProjects\Tang_Nano_1k\src\TOP.v":67)
Undeclared symbol 'endcommand', assumed default net type 'wire'("C:\Users\GuilhermeY\Github\GowinFPGA\GowinProjects\Tang_Nano_1k\src\TOP.v":68)
Undeclared symbol 'on', assumed default net type 'wire'("C:\Users\GuilhermeY\Github\GowinFPGA\GowinProjects\Tang_Nano_1k\src\TOP.v":93)
Compiling module 'TOP'("C:\Users\GuilhermeY\Github\GowinFPGA\GowinProjects\Tang_Nano_1k\src\TOP.v":9)
Compiling module 'Gowin_rPLL_27_to_84MHz'("C:\Users\GuilhermeY\Github\GowinFPGA\GowinProjects\Tang_Nano_1k\src\gowin_rpll\grPLL_27_to_84.v":11)
Compiling module 'psram'("C:\Users\GuilhermeY\Github\GowinFPGA\GowinProjects\Tang_Nano_1k\src\PSRAM.v":183)
Compiling module 'memory_driver'("C:\Users\GuilhermeY\Github\GowinFPGA\GowinProjects\Tang_Nano_1k\src\PSRAM.v":4)
ERROR (EX2000) : Net 'sendcommand' is constantly driven from multiple places("C:\Users\GuilhermeY\Github\GowinFPGA\GowinProjects\Tang_Nano_1k\src\PSRAM.v":74)
ERROR (EX1999) : Found another driver here("C:\Users\GuilhermeY\Github\GowinFPGA\GowinProjects\Tang_Nano_1k\src\PSRAM.v":174)
Module 'memory_driver' remains a black box due to errors in its contents("C:\Users\GuilhermeY\Github\GowinFPGA\GowinProjects\Tang_Nano_1k\src\PSRAM.v":4)
ERROR (EX2000) : Net 'led_rgb[2]' is constantly driven from multiple places("C:\Users\GuilhermeY\Github\GowinFPGA\GowinProjects\Tang_Nano_1k\src\TOP.v":110)
ERROR (EX1999) : Found another driver here("C:\Users\GuilhermeY\Github\GowinFPGA\GowinProjects\Tang_Nano_1k\src\TOP.v":198)
Module 'TOP' remains a black box due to errors in its contents("C:\Users\GuilhermeY\Github\GowinFPGA\GowinProjects\Tang_Nano_1k\src\TOP.v":9)
GowinSynthesis finish
