Reading netlist file: "C:\Users\GuilhermeY\Github\GowinFPGA\GowinProjects\debouncer\impl\gwsynthesis\debouncer.vg"
Parsing netlist file "C:\Users\GuilhermeY\Github\GowinFPGA\GowinProjects\debouncer\impl\gwsynthesis\debouncer.vg" completed
Processing netlist completed
Reading constraint file: "C:\Users\GuilhermeY\Github\GowinFPGA\GowinProjects\debouncer\src\deb.cst"
Physical Constraint parsed completed
Running placement......
[10%] Placement Phase 0 completed
WARN  (PR1118) : When both JTAG pins and JTAGSEL_N pin are used for GPIO, user needs to be aware the logic relationship between MODE pins, JTAG pins and JTAGSEL_N pin
[20%] Placement Phase 1 completed
[30%] Placement Phase 2 completed
[50%] Placement Phase 3 completed
Running routing......
[60%] Routing Phase 0 completed
[70%] Routing Phase 1 completed
[80%] Routing Phase 2 completed
[90%] Routing Phase 3 completed
Running timing analysis......
[95%] Timing analysis completed
Placement and routing completed
Bitstream generation in progress......
Bitstream generation completed
Running power analysis......
[100%] Power analysis completed
Generate file "C:\Users\GuilhermeY\Github\GowinFPGA\GowinProjects\debouncer\impl\pnr\debouncer.power.html" completed
Generate file "C:\Users\GuilhermeY\Github\GowinFPGA\GowinProjects\debouncer\impl\pnr\debouncer.pin.html" completed
Generate file "C:\Users\GuilhermeY\Github\GowinFPGA\GowinProjects\debouncer\impl\pnr\debouncer.rpt.html" completed
Generate file "C:\Users\GuilhermeY\Github\GowinFPGA\GowinProjects\debouncer\impl\pnr\debouncer.rpt.txt" completed
Generate file "C:\Users\GuilhermeY\Github\GowinFPGA\GowinProjects\debouncer\impl\pnr\debouncer.tr.html" completed
Fri Apr 26 11:33:46 2024

