Reading netlist file: "D:\GowinProjects\tang-nano-psram-main\impl\gwsynthesis\tang_nano_psram.vg"
Parsing netlist file "D:\GowinProjects\tang-nano-psram-main\impl\gwsynthesis\tang_nano_psram.vg" completed
Processing netlist completed
Reading constraint file: "D:\GowinProjects\tang-nano-psram-main\src\tang_nano_psram.cst"
Physical Constraint parsed completed
Running placement......
[10%] Placement Phase 0 completed
[20%] Placement Phase 1 completed
[30%] Placement Phase 2 completed
[50%] Placement Phase 3 completed
Running routing......
[60%] Routing Phase 0 completed
[70%] Routing Phase 1 completed
[80%] Routing Phase 2 completed
[90%] Routing Phase 3 completed
Running timing analysis......
[95%] Timing analysis completed
Placement and routing completed
Bitstream generation in progress......
Bitstream generation completed
Running power analysis......
[100%] Power analysis completed
Generate file "D:\GowinProjects\tang-nano-psram-main\impl\pnr\tang_nano_psram.power.html" completed
Generate file "D:\GowinProjects\tang-nano-psram-main\impl\pnr\tang_nano_psram.pin.html" completed
Generate file "D:\GowinProjects\tang-nano-psram-main\impl\pnr\tang_nano_psram.rpt.html" completed
Generate file "D:\GowinProjects\tang-nano-psram-main\impl\pnr\tang_nano_psram.rpt.txt" completed
Generate file "D:\GowinProjects\tang-nano-psram-main\impl\pnr\tang_nano_psram.tr.html" completed
Thu Aug 04 23:35:33 2022

