Reading netlist file: "C:\Users\GuilhermeY\Github\GowinFPGA\GowinProjects\Data_acquisition_ADC\impl\gwsynthesis\Data_acquisition.vg"
Parsing netlist file "C:\Users\GuilhermeY\Github\GowinFPGA\GowinProjects\Data_acquisition_ADC\impl\gwsynthesis\Data_acquisition.vg" completed
Processing netlist completed
Reading constraint file: "C:\Users\GuilhermeY\Github\GowinFPGA\GowinProjects\Data_acquisition_ADC\src\PSRAM_UART_pins.cst"
Physical Constraint parsed completed
Running placement......
[10%] Placement Phase 0 completed
[20%] Placement Phase 1 completed
[30%] Placement Phase 2 completed
[50%] Placement Phase 3 completed
Running routing......
[60%] Routing Phase 0 completed
[70%] Routing Phase 1 completed
[80%] Routing Phase 2 completed
[90%] Routing Phase 3 completed
Running timing analysis......
[95%] Timing analysis completed
Placement and routing completed
Bitstream generation in progress......
Bitstream generation completed
Running power analysis......
[100%] Power analysis completed
Generate file "C:\Users\GuilhermeY\Github\GowinFPGA\GowinProjects\Data_acquisition_ADC\impl\pnr\Data_acquisition.power.html" completed
Generate file "C:\Users\GuilhermeY\Github\GowinFPGA\GowinProjects\Data_acquisition_ADC\impl\pnr\Data_acquisition.pin.html" completed
Generate file "C:\Users\GuilhermeY\Github\GowinFPGA\GowinProjects\Data_acquisition_ADC\impl\pnr\Data_acquisition.rpt.html" completed
Generate file "C:\Users\GuilhermeY\Github\GowinFPGA\GowinProjects\Data_acquisition_ADC\impl\pnr\Data_acquisition.rpt.txt" completed
Generate file "C:\Users\GuilhermeY\Github\GowinFPGA\GowinProjects\Data_acquisition_ADC\impl\pnr\Data_acquisition.tr.html" completed
Generate file "C:\Users\GuilhermeY\Github\GowinFPGA\GowinProjects\Data_acquisition_ADC\impl\pnr\Data_acquisition.tr" completed
Wed Apr  9 22:21:50 2025

