Reading netlist file: "C:\Users\GuilhermeY\Github\GowinFPGA\GowinProjects\adc_card\impl\gwsynthesis\ADC_receiver.vg"
Parsing netlist file "C:\Users\GuilhermeY\Github\GowinFPGA\GowinProjects\adc_card\impl\gwsynthesis\ADC_receiver.vg" completed
Processing netlist completed
Reading constraint file: "C:\Users\GuilhermeY\Github\GowinFPGA\GowinProjects\adc_card\src\pinos.cst"
Physical Constraint parsed completed
Running placement......
[10%] Placement Phase 0 completed
[20%] Placement Phase 1 completed
[30%] Placement Phase 2 completed
[50%] Placement Phase 3 completed
Running routing......
[60%] Routing Phase 0 completed
[70%] Routing Phase 1 completed
[80%] Routing Phase 2 completed
[90%] Routing Phase 3 completed
Running timing analysis......
[95%] Timing analysis completed
Placement and routing completed
Bitstream generation in progress......
Bitstream generation completed
Running power analysis......
[100%] Power analysis completed
Generate file "C:\Users\GuilhermeY\Github\GowinFPGA\GowinProjects\adc_card\impl\pnr\ADC_receiver.power.html" completed
Generate file "C:\Users\GuilhermeY\Github\GowinFPGA\GowinProjects\adc_card\impl\pnr\ADC_receiver.pin.html" completed
Generate file "C:\Users\GuilhermeY\Github\GowinFPGA\GowinProjects\adc_card\impl\pnr\ADC_receiver.rpt.html" completed
Generate file "C:\Users\GuilhermeY\Github\GowinFPGA\GowinProjects\adc_card\impl\pnr\ADC_receiver.rpt.txt" completed
Generate file "C:\Users\GuilhermeY\Github\GowinFPGA\GowinProjects\adc_card\impl\pnr\ADC_receiver.tr.html" completed
Fri Jan 31 09:51:51 2025

