Reading netlist file: "C:\Users\GuilhermeY\Github\GowinFPGA\GowinProjects\Tang_Nano_1k\impl\gwsynthesis\Tang_Nano_1k.vg"
Parsing netlist file "C:\Users\GuilhermeY\Github\GowinFPGA\GowinProjects\Tang_Nano_1k\impl\gwsynthesis\Tang_Nano_1k.vg" completed
Processing netlist completed
Reading constraint file: "C:\Users\GuilhermeY\Github\GowinFPGA\GowinProjects\Tang_Nano_1k\src\Tang_Nano_1k.cst"
ERROR  (CT1135) : "C:\Users\GuilhermeY\Github\GowinFPGA\GowinProjects\Tang_Nano_1k\src\Tang_Nano_1k.cst":10 | Can't find object named 'sys_clk'
ERROR  (CT1135) : "C:\Users\GuilhermeY\Github\GowinFPGA\GowinProjects\Tang_Nano_1k\src\Tang_Nano_1k.cst":11 | Can't find object named 'sys_clk'
ERROR  (CT1135) : "C:\Users\GuilhermeY\Github\GowinFPGA\GowinProjects\Tang_Nano_1k\src\Tang_Nano_1k.cst":14 | Can't find object named 'led[3]'
ERROR  (CT1135) : "C:\Users\GuilhermeY\Github\GowinFPGA\GowinProjects\Tang_Nano_1k\src\Tang_Nano_1k.cst":15 | Can't find object named 'led[3]'
ERROR  (CT1135) : "C:\Users\GuilhermeY\Github\GowinFPGA\GowinProjects\Tang_Nano_1k\src\Tang_Nano_1k.cst":16 | Can't find object named 'led[2]'
ERROR  (CT1135) : "C:\Users\GuilhermeY\Github\GowinFPGA\GowinProjects\Tang_Nano_1k\src\Tang_Nano_1k.cst":17 | Can't find object named 'led[2]'
ERROR  (CT1135) : "C:\Users\GuilhermeY\Github\GowinFPGA\GowinProjects\Tang_Nano_1k\src\Tang_Nano_1k.cst":18 | Can't find object named 'led[1]'
ERROR  (CT1135) : "C:\Users\GuilhermeY\Github\GowinFPGA\GowinProjects\Tang_Nano_1k\src\Tang_Nano_1k.cst":19 | Can't find object named 'led[1]'
ERROR  (CT1135) : "C:\Users\GuilhermeY\Github\GowinFPGA\GowinProjects\Tang_Nano_1k\src\Tang_Nano_1k.cst":20 | Can't find object named 'led[0]'
ERROR  (CT1135) : "C:\Users\GuilhermeY\Github\GowinFPGA\GowinProjects\Tang_Nano_1k\src\Tang_Nano_1k.cst":21 | Can't find object named 'led[0]'
ERROR  (CT1135) : "C:\Users\GuilhermeY\Github\GowinFPGA\GowinProjects\Tang_Nano_1k\src\Tang_Nano_1k.cst":24 | Can't find object named 'led_rgb[2]'
ERROR  (CT1135) : "C:\Users\GuilhermeY\Github\GowinFPGA\GowinProjects\Tang_Nano_1k\src\Tang_Nano_1k.cst":25 | Can't find object named 'led_rgb[2]'
ERROR  (CT1135) : "C:\Users\GuilhermeY\Github\GowinFPGA\GowinProjects\Tang_Nano_1k\src\Tang_Nano_1k.cst":26 | Can't find object named 'led_rgb[0]'
ERROR  (CT1135) : "C:\Users\GuilhermeY\Github\GowinFPGA\GowinProjects\Tang_Nano_1k\src\Tang_Nano_1k.cst":27 | Can't find object named 'led_rgb[0]'
ERROR  (CT1135) : "C:\Users\GuilhermeY\Github\GowinFPGA\GowinProjects\Tang_Nano_1k\src\Tang_Nano_1k.cst":28 | Can't find object named 'led_rgb[1]'
ERROR  (CT1135) : "C:\Users\GuilhermeY\Github\GowinFPGA\GowinProjects\Tang_Nano_1k\src\Tang_Nano_1k.cst":29 | Can't find object named 'led_rgb[1]'
ERROR  (CT1135) : "C:\Users\GuilhermeY\Github\GowinFPGA\GowinProjects\Tang_Nano_1k\src\Tang_Nano_1k.cst":32 | Can't find object named 'clk_PSRAM'
ERROR  (CT1135) : "C:\Users\GuilhermeY\Github\GowinFPGA\GowinProjects\Tang_Nano_1k\src\Tang_Nano_1k.cst":33 | Can't find object named 'clk_PSRAM'
ERROR  (CT1135) : "C:\Users\GuilhermeY\Github\GowinFPGA\GowinProjects\Tang_Nano_1k\src\Tang_Nano_1k.cst":34 | Can't find object named 'mem_ce'
ERROR  (CT1135) : "C:\Users\GuilhermeY\Github\GowinFPGA\GowinProjects\Tang_Nano_1k\src\Tang_Nano_1k.cst":35 | Can't find object named 'mem_ce'
ERROR  (CT1135) : "C:\Users\GuilhermeY\Github\GowinFPGA\GowinProjects\Tang_Nano_1k\src\Tang_Nano_1k.cst":36 | Can't find object named 'mem_sio[3]'
ERROR  (CT1135) : "C:\Users\GuilhermeY\Github\GowinFPGA\GowinProjects\Tang_Nano_1k\src\Tang_Nano_1k.cst":37 | Can't find object named 'mem_sio[3]'
ERROR  (CT1135) : "C:\Users\GuilhermeY\Github\GowinFPGA\GowinProjects\Tang_Nano_1k\src\Tang_Nano_1k.cst":38 | Can't find object named 'mem_sio[2]'
ERROR  (CT1135) : "C:\Users\GuilhermeY\Github\GowinFPGA\GowinProjects\Tang_Nano_1k\src\Tang_Nano_1k.cst":39 | Can't find object named 'mem_sio[2]'
ERROR  (CT1135) : "C:\Users\GuilhermeY\Github\GowinFPGA\GowinProjects\Tang_Nano_1k\src\Tang_Nano_1k.cst":40 | Can't find object named 'mem_sio[1]'
ERROR  (CT1135) : "C:\Users\GuilhermeY\Github\GowinFPGA\GowinProjects\Tang_Nano_1k\src\Tang_Nano_1k.cst":41 | Can't find object named 'mem_sio[1]'
ERROR  (CT1135) : "C:\Users\GuilhermeY\Github\GowinFPGA\GowinProjects\Tang_Nano_1k\src\Tang_Nano_1k.cst":42 | Can't find object named 'mem_sio[0]'
ERROR  (CT1135) : "C:\Users\GuilhermeY\Github\GowinFPGA\GowinProjects\Tang_Nano_1k\src\Tang_Nano_1k.cst":43 | Can't find object named 'mem_sio[0]'
ERROR  (CT1135) : "C:\Users\GuilhermeY\Github\GowinFPGA\GowinProjects\Tang_Nano_1k\src\Tang_Nano_1k.cst":46 | Can't find object named 'buttonB'
ERROR  (CT1135) : "C:\Users\GuilhermeY\Github\GowinFPGA\GowinProjects\Tang_Nano_1k\src\Tang_Nano_1k.cst":47 | Can't find object named 'buttonB'
ERROR  (CT1135) : "C:\Users\GuilhermeY\Github\GowinFPGA\GowinProjects\Tang_Nano_1k\src\Tang_Nano_1k.cst":48 | Can't find object named 'buttonA'
ERROR  (CT1135) : "C:\Users\GuilhermeY\Github\GowinFPGA\GowinProjects\Tang_Nano_1k\src\Tang_Nano_1k.cst":49 | Can't find object named 'buttonA'
Physical Constraint parsed completed with errors
