Reading netlist file: "C:\Users\GuilhermeY\Github\GowinFPGA\GowinProjects\Neo_Data_acquisition_ADC\impl\gwsynthesis\Neo_Acquisition.vg"
Parsing netlist file "C:\Users\GuilhermeY\Github\GowinFPGA\GowinProjects\Neo_Data_acquisition_ADC\impl\gwsynthesis\Neo_Acquisition.vg" completed
Processing netlist completed
Reading constraint file: "C:\Users\GuilhermeY\Github\GowinFPGA\GowinProjects\Neo_Data_acquisition_ADC\src\PSRAM_UART_pins.cst"
Physical Constraint parsed completed
Running placement......
[10%] Placement Phase 0 completed
[20%] Placement Phase 1 completed
[30%] Placement Phase 2 completed
[50%] Placement Phase 3 completed
Running routing......
[60%] Routing Phase 0 completed
[70%] Routing Phase 1 completed
[80%] Routing Phase 2 completed
[90%] Routing Phase 3 completed
Running timing analysis......
[95%] Timing analysis completed
Placement and routing completed
Bitstream generation in progress......
Bitstream generation completed
Running power analysis......
[100%] Power analysis completed
Generate file "C:\Users\GuilhermeY\Github\GowinFPGA\GowinProjects\Neo_Data_acquisition_ADC\impl\pnr\Neo_Acquisition.power.html" completed
Generate file "C:\Users\GuilhermeY\Github\GowinFPGA\GowinProjects\Neo_Data_acquisition_ADC\impl\pnr\Neo_Acquisition.pin.html" completed
Generate file "C:\Users\GuilhermeY\Github\GowinFPGA\GowinProjects\Neo_Data_acquisition_ADC\impl\pnr\Neo_Acquisition.rpt.html" completed
Generate file "C:\Users\GuilhermeY\Github\GowinFPGA\GowinProjects\Neo_Data_acquisition_ADC\impl\pnr\Neo_Acquisition.rpt.txt" completed
Generate file "C:\Users\GuilhermeY\Github\GowinFPGA\GowinProjects\Neo_Data_acquisition_ADC\impl\pnr\Neo_Acquisition.tr.html" completed
Fri Mar 28 10:53:16 2025

