GowinSynthesis start
Running parser ...
Analyzing Verilog file 'D:\GowinProjects\tang-nano-psram-main\src\gowin_rpll\gowin_rpll.v'
Analyzing Verilog file 'D:\GowinProjects\tang-nano-psram-main\src\memory.v'
Undeclared symbol 'command_ready', assumed default net type 'wire'("D:\GowinProjects\tang-nano-psram-main\src\memory.v":72)
Undeclared symbol 'command_line', assumed default net type 'wire'("D:\GowinProjects\tang-nano-psram-main\src\memory.v":73)
Analyzing Verilog file 'D:\GowinProjects\tang-nano-psram-main\src\old_mem_driver.v'
Analyzing Verilog file 'D:\GowinProjects\tang-nano-psram-main\src\top.v'
Compiling module 'top'("D:\GowinProjects\tang-nano-psram-main\src\top.v":1)
Compiling module 'Gowin_rPLL'("D:\GowinProjects\tang-nano-psram-main\src\gowin_rpll\gowin_rpll.v":9)
Compiling module 'memory'("D:\GowinProjects\tang-nano-psram-main\src\memory.v":4)
Compiling module 'mem_driver'("D:\GowinProjects\tang-nano-psram-main\src\memory.v":125)
Compiling module 'spi_command'("D:\GowinProjects\tang-nano-psram-main\src\memory.v":199)
WARN  (EX3791) : Expression size 32 truncated to fit in target size 4("D:\GowinProjects\tang-nano-psram-main\src\top.v":88)
WARN  (EX3791) : Expression size 32 truncated to fit in target size 4("D:\GowinProjects\tang-nano-psram-main\src\top.v":91)
NOTE  (EX0101) : Current top module is "top"
[5%] Running netlist conversion ...
Running device independent optimization ...
[10%] Optimizing Phase 0 completed
[15%] Optimizing Phase 1 completed
[25%] Optimizing Phase 2 completed
Running inference ...
[30%] Inferring Phase 0 completed
[40%] Inferring Phase 1 completed
[50%] Inferring Phase 2 completed
[55%] Inferring Phase 3 completed
Running technical mapping ...
[60%] Tech-Mapping Phase 0 completed
[65%] Tech-Mapping Phase 1 completed
[75%] Tech-Mapping Phase 2 completed
[80%] Tech-Mapping Phase 3 completed
[90%] Tech-Mapping Phase 4 completed
[95%] Generate netlist file "D:\GowinProjects\tang-nano-psram-main\impl\gwsynthesis\tang_nano_psram.vg" completed
[100%] Generate report file "D:\GowinProjects\tang-nano-psram-main\impl\gwsynthesis\tang_nano_psram_syn.rpt.html" completed
GowinSynthesis finish
