GowinSynthesis start
Running parser ...
Analyzing Verilog file 'C:\Users\GuilhermeY\Github\GowinFPGA\GowinProjects\Neo_Data_acquisition_ADC\src\ADC_module.v'
Analyzing Verilog file 'C:\Users\GuilhermeY\Github\GowinFPGA\GowinProjects\Neo_Data_acquisition_ADC\src\fifo_adc.v'
Analyzing Verilog file 'C:\Users\GuilhermeY\Github\GowinFPGA\GowinProjects\Neo_Data_acquisition_ADC\src\gowin_rpll\gowin_rpll_27_to_60.v'
Analyzing Verilog file 'C:\Users\GuilhermeY\Github\GowinFPGA\GowinProjects\Neo_Data_acquisition_ADC\src\gowin_rpll_27_to_84.v'
Analyzing Verilog file 'C:\Users\GuilhermeY\Github\GowinFPGA\GowinProjects\Neo_Data_acquisition_ADC\src\Neo_PSRAM.v'
Undeclared symbol 'endcommand_reg', assumed default net type 'wire'("C:\Users\GuilhermeY\Github\GowinFPGA\GowinProjects\Neo_Data_acquisition_ADC\src\Neo_PSRAM.v":302)
Analyzing Verilog file 'C:\Users\GuilhermeY\Github\GowinFPGA\GowinProjects\Neo_Data_acquisition_ADC\src\Neo_TOP.v'
Undeclared symbol 'adc_enable', assumed default net type 'wire'("C:\Users\GuilhermeY\Github\GowinFPGA\GowinProjects\Neo_Data_acquisition_ADC\src\Neo_TOP.v":151)
Undeclared symbol 'fifo_rd', assumed default net type 'wire'("C:\Users\GuilhermeY\Github\GowinFPGA\GowinProjects\Neo_Data_acquisition_ADC\src\Neo_TOP.v":179)
Undeclared symbol 'endcommand', assumed default net type 'wire'("C:\Users\GuilhermeY\Github\GowinFPGA\GowinProjects\Neo_Data_acquisition_ADC\src\Neo_TOP.v":184)
Undeclared symbol 'debug_2', assumed default net type 'wire'("C:\Users\GuilhermeY\Github\GowinFPGA\GowinProjects\Neo_Data_acquisition_ADC\src\Neo_TOP.v":188)
Undeclared symbol 'flag_debug', assumed default net type 'wire'("C:\Users\GuilhermeY\Github\GowinFPGA\GowinProjects\Neo_Data_acquisition_ADC\src\Neo_TOP.v":217)
Undeclared symbol 'read_cmp', assumed default net type 'wire'("C:\Users\GuilhermeY\Github\GowinFPGA\GowinProjects\Neo_Data_acquisition_ADC\src\Neo_TOP.v":243)
Undeclared symbol 'stop_PP', assumed default net type 'wire'("C:\Users\GuilhermeY\Github\GowinFPGA\GowinProjects\Neo_Data_acquisition_ADC\src\Neo_TOP.v":244)
Undeclared symbol 'fifo_full', assumed default net type 'wire'("C:\Users\GuilhermeY\Github\GowinFPGA\GowinProjects\Neo_Data_acquisition_ADC\src\Neo_TOP.v":274)
Analyzing Verilog file 'C:\Users\GuilhermeY\Github\GowinFPGA\GowinProjects\Neo_Data_acquisition_ADC\src\ping_pong_buffer.v'
Analyzing Verilog file 'C:\Users\GuilhermeY\Github\GowinFPGA\GowinProjects\Neo_Data_acquisition_ADC\src\Sync_Debouncer.v'
Analyzing Verilog file 'C:\Users\GuilhermeY\Github\GowinFPGA\GowinProjects\Neo_Data_acquisition_ADC\src\UART.v'
Compiling module 'TOP'("C:\Users\GuilhermeY\Github\GowinFPGA\GowinProjects\Neo_Data_acquisition_ADC\src\Neo_TOP.v":2)
Compiling module 'gowin_rpll_27_to_84'("C:\Users\GuilhermeY\Github\GowinFPGA\GowinProjects\Neo_Data_acquisition_ADC\src\gowin_rpll_27_to_84.v":9)
Compiling module 'psram(ADC_FREQ=6)'("C:\Users\GuilhermeY\Github\GowinFPGA\GowinProjects\Neo_Data_acquisition_ADC\src\Neo_PSRAM.v":224)
Compiling module 'memory_driver'("C:\Users\GuilhermeY\Github\GowinFPGA\GowinProjects\Neo_Data_acquisition_ADC\src\Neo_PSRAM.v":20)
Compiling module 'uart(CLK=84)'("C:\Users\GuilhermeY\Github\GowinFPGA\GowinProjects\Neo_Data_acquisition_ADC\src\UART.v":26)
Compiling module 'ping_pong_buffer(BUFFER_DEPTH=128)'("C:\Users\GuilhermeY\Github\GowinFPGA\GowinProjects\Neo_Data_acquisition_ADC\src\ping_pong_buffer.v":17)
Extracting RAM for identifier 'buffer_a'("C:\Users\GuilhermeY\Github\GowinFPGA\GowinProjects\Neo_Data_acquisition_ADC\src\ping_pong_buffer.v":38)
Extracting RAM for identifier 'buffer_b'("C:\Users\GuilhermeY\Github\GowinFPGA\GowinProjects\Neo_Data_acquisition_ADC\src\ping_pong_buffer.v":39)
Compiling module 'adc_module(CLK=84)'("C:\Users\GuilhermeY\Github\GowinFPGA\GowinProjects\Neo_Data_acquisition_ADC\src\ADC_module.v":1)
WARN  (EX3791) : Expression size 5 truncated to fit in target size 4("C:\Users\GuilhermeY\Github\GowinFPGA\GowinProjects\Neo_Data_acquisition_ADC\src\ADC_module.v":41)
Compiling module 'fifo_adc(DATA_WIDTH=12,FIFO_DEPTH=32)'("C:\Users\GuilhermeY\Github\GowinFPGA\GowinProjects\Neo_Data_acquisition_ADC\src\fifo_adc.v":1)
Extracting RAM for identifier 'fifo_mem'("C:\Users\GuilhermeY\Github\GowinFPGA\GowinProjects\Neo_Data_acquisition_ADC\src\fifo_adc.v":21)
WARN  (EX3791) : Expression size 7 truncated to fit in target size 6("C:\Users\GuilhermeY\Github\GowinFPGA\GowinProjects\Neo_Data_acquisition_ADC\src\fifo_adc.v":57)
WARN  (EX3791) : Expression size 32 truncated to fit in target size 6("C:\Users\GuilhermeY\Github\GowinFPGA\GowinProjects\Neo_Data_acquisition_ADC\src\fifo_adc.v":61)
Compiling module 'sync_debouncer'("C:\Users\GuilhermeY\Github\GowinFPGA\GowinProjects\Neo_Data_acquisition_ADC\src\Sync_Debouncer.v":1)
Compiling module 'sync'("C:\Users\GuilhermeY\Github\GowinFPGA\GowinProjects\Neo_Data_acquisition_ADC\src\Sync_Debouncer.v":33)
Compiling module 'debouncer'("C:\Users\GuilhermeY\Github\GowinFPGA\GowinProjects\Neo_Data_acquisition_ADC\src\Sync_Debouncer.v":56)
WARN  (EX3791) : Expression size 8 truncated to fit in target size 7("C:\Users\GuilhermeY\Github\GowinFPGA\GowinProjects\Neo_Data_acquisition_ADC\src\Sync_Debouncer.v":75)
Compiling module 'once'("C:\Users\GuilhermeY\Github\GowinFPGA\GowinProjects\Neo_Data_acquisition_ADC\src\Sync_Debouncer.v":82)
NOTE  (EX0101) : Current top module is "TOP"
WARN  (EX0211) : The output port "debug" of module "memory_driver" has no driver, assigning undriven bits to Z, simulation mismatch possible("C:\Users\GuilhermeY\Github\GowinFPGA\GowinProjects\Neo_Data_acquisition_ADC\src\Neo_PSRAM.v":45)
WARN  (EX0211) : The output port "debug_2" of module "memory_driver" has no driver, assigning undriven bits to Z, simulation mismatch possible("C:\Users\GuilhermeY\Github\GowinFPGA\GowinProjects\Neo_Data_acquisition_ADC\src\Neo_PSRAM.v":46)
[5%] Running netlist conversion ...
WARN  (CV0016) : Input adc_OTR is unused("C:\Users\GuilhermeY\Github\GowinFPGA\GowinProjects\Neo_Data_acquisition_ADC\src\Neo_TOP.v":16)
Running device independent optimization ...
[10%] Optimizing Phase 0 completed
[15%] Optimizing Phase 1 completed
[25%] Optimizing Phase 2 completed
Running inference ...
[30%] Inferring Phase 0 completed
[40%] Inferring Phase 1 completed
[50%] Inferring Phase 2 completed
[55%] Inferring Phase 3 completed
Running technical mapping ...
[60%] Tech-Mapping Phase 0 completed
[65%] Tech-Mapping Phase 1 completed
[75%] Tech-Mapping Phase 2 completed
[80%] Tech-Mapping Phase 3 completed
[90%] Tech-Mapping Phase 4 completed
[95%] Generate netlist file "C:\Users\GuilhermeY\Github\GowinFPGA\GowinProjects\Neo_Data_acquisition_ADC\impl\gwsynthesis\Neo_Acquisition.vg" completed
[100%] Generate report file "C:\Users\GuilhermeY\Github\GowinFPGA\GowinProjects\Neo_Data_acquisition_ADC\impl\gwsynthesis\Neo_Acquisition_syn.rpt.html" completed
GowinSynthesis finish
