GowinSynthesis start
Running parser ...
Analyzing Verilog file 'C:\Users\GuilhermeY\Github\GowinFPGA\GowinProjects\UART_ESP32\src\UART.v'
Compiling module 'uart'("C:\Users\GuilhermeY\Github\GowinFPGA\GowinProjects\UART_ESP32\src\UART.v":3)
Extracting RAM for identifier 'testMemory'("C:\Users\GuilhermeY\Github\GowinFPGA\GowinProjects\UART_ESP32\src\UART.v":43)
WARN  (EX3791) : Expression size 14 truncated to fit in target size 13("C:\Users\GuilhermeY\Github\GowinFPGA\GowinProjects\UART_ESP32\src\UART.v":93)
WARN  (EX3791) : Expression size 14 truncated to fit in target size 13("C:\Users\GuilhermeY\Github\GowinFPGA\GowinProjects\UART_ESP32\src\UART.v":96)
WARN  (EX3791) : Expression size 4 truncated to fit in target size 3("C:\Users\GuilhermeY\Github\GowinFPGA\GowinProjects\UART_ESP32\src\UART.v":105)
WARN  (EX3791) : Expression size 14 truncated to fit in target size 13("C:\Users\GuilhermeY\Github\GowinFPGA\GowinProjects\UART_ESP32\src\UART.v":110)
WARN  (EX3791) : Expression size 5 truncated to fit in target size 4("C:\Users\GuilhermeY\Github\GowinFPGA\GowinProjects\UART_ESP32\src\UART.v":123)
WARN  (EX3791) : Expression size 26 truncated to fit in target size 25("C:\Users\GuilhermeY\Github\GowinFPGA\GowinProjects\UART_ESP32\src\UART.v":160)
WARN  (EX3791) : Expression size 4 truncated to fit in target size 3("C:\Users\GuilhermeY\Github\GowinFPGA\GowinProjects\UART_ESP32\src\UART.v":169)
WARN  (EX3791) : Expression size 26 truncated to fit in target size 25("C:\Users\GuilhermeY\Github\GowinFPGA\GowinProjects\UART_ESP32\src\UART.v":173)
WARN  (EX3791) : Expression size 5 truncated to fit in target size 4("C:\Users\GuilhermeY\Github\GowinFPGA\GowinProjects\UART_ESP32\src\UART.v":181)
WARN  (EX3791) : Expression size 26 truncated to fit in target size 25("C:\Users\GuilhermeY\Github\GowinFPGA\GowinProjects\UART_ESP32\src\UART.v":186)
WARN  (EX3791) : Expression size 26 truncated to fit in target size 25("C:\Users\GuilhermeY\Github\GowinFPGA\GowinProjects\UART_ESP32\src\UART.v":193)
NOTE  (EX0101) : Current top module is "uart"
[5%] Running netlist conversion ...
Running device independent optimization ...
[10%] Optimizing Phase 0 completed
[15%] Optimizing Phase 1 completed
[25%] Optimizing Phase 2 completed
Running inference ...
[30%] Inferring Phase 0 completed
[40%] Inferring Phase 1 completed
[50%] Inferring Phase 2 completed
[55%] Inferring Phase 3 completed
Running technical mapping ...
[60%] Tech-Mapping Phase 0 completed
[65%] Tech-Mapping Phase 1 completed
[75%] Tech-Mapping Phase 2 completed
[80%] Tech-Mapping Phase 3 completed
[90%] Tech-Mapping Phase 4 completed
[95%] Generate netlist file "C:\Users\GuilhermeY\Github\GowinFPGA\GowinProjects\UART_ESP32\impl\gwsynthesis\UART_ESP32.vg" completed
[100%] Generate report file "C:\Users\GuilhermeY\Github\GowinFPGA\GowinProjects\UART_ESP32\impl\gwsynthesis\UART_ESP32_syn.rpt.html" completed
GowinSynthesis finish
