Reading netlist file: "C:\Users\GuilhermeY\Github\GowinFPGA\GowinProjects\UART_ESP32\impl\gwsynthesis\UART_ESP32.vg"
Parsing netlist file "C:\Users\GuilhermeY\Github\GowinFPGA\GowinProjects\UART_ESP32\impl\gwsynthesis\UART_ESP32.vg" completed
Processing netlist completed
Reading constraint file: "C:\Users\GuilhermeY\Github\GowinFPGA\GowinProjects\UART_ESP32\src\UART.cst"
Physical Constraint parsed completed
Running placement......
[10%] Placement Phase 0 completed
[20%] Placement Phase 1 completed
[30%] Placement Phase 2 completed
[50%] Placement Phase 3 completed
Running routing......
[60%] Routing Phase 0 completed
[70%] Routing Phase 1 completed
[80%] Routing Phase 2 completed
[90%] Routing Phase 3 completed
Running timing analysis......
[95%] Timing analysis completed
Placement and routing completed
Bitstream generation in progress......
Bitstream generation completed
Running power analysis......
[100%] Power analysis completed
Generate file "C:\Users\GuilhermeY\Github\GowinFPGA\GowinProjects\UART_ESP32\impl\pnr\UART_ESP32.power.html" completed
Generate file "C:\Users\GuilhermeY\Github\GowinFPGA\GowinProjects\UART_ESP32\impl\pnr\UART_ESP32.pin.html" completed
Generate file "C:\Users\GuilhermeY\Github\GowinFPGA\GowinProjects\UART_ESP32\impl\pnr\UART_ESP32.rpt.html" completed
Generate file "C:\Users\GuilhermeY\Github\GowinFPGA\GowinProjects\UART_ESP32\impl\pnr\UART_ESP32.rpt.txt" completed
Generate file "C:\Users\GuilhermeY\Github\GowinFPGA\GowinProjects\UART_ESP32\impl\pnr\UART_ESP32.tr.html" completed
Wed May 22 13:35:06 2024

