Reading netlist file: "D:\GowinProjects\UART_by_DOTTO\impl\gwsynthesis\UART_by_DOTTO.vg"
Parsing netlist file "D:\GowinProjects\UART_by_DOTTO\impl\gwsynthesis\UART_by_DOTTO.vg" completed
Processing netlist completed
Reading constraint file: "D:\GowinProjects\UART_by_DOTTO\src\pins.cst"
Physical Constraint parsed completed
Running placement......
[10%] Placement Phase 0 completed
[20%] Placement Phase 1 completed
[30%] Placement Phase 2 completed
[50%] Placement Phase 3 completed
Running routing......
[60%] Routing Phase 0 completed
[70%] Routing Phase 1 completed
[80%] Routing Phase 2 completed
[90%] Routing Phase 3 completed
Running timing analysis......
[95%] Timing analysis completed
Placement and routing completed
Bitstream generation in progress......
Bitstream generation completed
Running power analysis......
[100%] Power analysis completed
Generate file "D:\GowinProjects\UART_by_DOTTO\impl\pnr\UART_by_DOTTO.power.html" completed
Generate file "D:\GowinProjects\UART_by_DOTTO\impl\pnr\UART_by_DOTTO.pin.html" completed
Generate file "D:\GowinProjects\UART_by_DOTTO\impl\pnr\UART_by_DOTTO.rpt.html" completed
Generate file "D:\GowinProjects\UART_by_DOTTO\impl\pnr\UART_by_DOTTO.rpt.txt" completed
Generate file "D:\GowinProjects\UART_by_DOTTO\impl\pnr\UART_by_DOTTO.tr.html" completed
Thu Aug 18 11:23:49 2022

