Reading netlist file: "C:\Tupao\GowinFPGA\GowinProjects\Data_acquisition_expansion_3\impl\gwsynthesis\Expansion.vg"
Parsing netlist file "C:\Tupao\GowinFPGA\GowinProjects\Data_acquisition_expansion_3\impl\gwsynthesis\Expansion.vg" completed
Processing netlist completed
Reading constraint file: "C:\Tupao\GowinFPGA\GowinProjects\Data_acquisition_expansion_3\src\PSRAM_UART_pins.cst"
Physical Constraint parsed completed
Running placement......
[10%] Placement Phase 0 completed
[20%] Placement Phase 1 completed
[30%] Placement Phase 2 completed
[50%] Placement Phase 3 completed
Running routing......
[60%] Routing Phase 0 completed
[70%] Routing Phase 1 completed
[80%] Routing Phase 2 completed
[90%] Routing Phase 3 completed
Running timing analysis......
[95%] Timing analysis completed
Placement and routing completed
Bitstream generation in progress......
Bitstream generation completed
Running power analysis......
[100%] Power analysis completed
Generate file "C:\Tupao\GowinFPGA\GowinProjects\Data_acquisition_expansion_3\impl\pnr\Expansion.power.html" completed
Generate file "C:\Tupao\GowinFPGA\GowinProjects\Data_acquisition_expansion_3\impl\pnr\Expansion.pin.html" completed
Generate file "C:\Tupao\GowinFPGA\GowinProjects\Data_acquisition_expansion_3\impl\pnr\Expansion.rpt.html" completed
Generate file "C:\Tupao\GowinFPGA\GowinProjects\Data_acquisition_expansion_3\impl\pnr\Expansion.rpt.txt" completed
Generate file "C:\Tupao\GowinFPGA\GowinProjects\Data_acquisition_expansion_3\impl\pnr\Expansion.tr.html" completed
Mon Apr 21 10:34:22 2025

