GowinSynthesis start
Running parser ...
Analyzing Verilog file 'C:\Tupao\GowinFPGA\GowinProjects\debouncer\src\TOP.v'
Undeclared symbol 'buttonA_sync', assumed default net type 'wire'("C:\Tupao\GowinFPGA\GowinProjects\debouncer\src\TOP.v":23)
Undeclared symbol 'buttonA_deb', assumed default net type 'wire'("C:\Tupao\GowinFPGA\GowinProjects\debouncer\src\TOP.v":28)
Undeclared symbol 'buttonA_once', assumed default net type 'wire'("C:\Tupao\GowinFPGA\GowinProjects\debouncer\src\TOP.v":29)
Analyzing Verilog file 'C:\Tupao\GowinFPGA\GowinProjects\debouncer\src\sync_debouncer.v'
Analyzing Verilog file 'C:\Tupao\GowinFPGA\GowinProjects\debouncer\src\gowin_rpll_27_to_84.v'
Compiling module 'TOP'("C:\Tupao\GowinFPGA\GowinProjects\debouncer\src\TOP.v":1)
Compiling module 'gowin_rpll_27_to_84'("C:\Tupao\GowinFPGA\GowinProjects\debouncer\src\gowin_rpll_27_to_84.v":9)
Compiling module 'sync'("C:\Tupao\GowinFPGA\GowinProjects\debouncer\src\sync_debouncer.v":1)
Compiling module 'once'("C:\Tupao\GowinFPGA\GowinProjects\debouncer\src\sync_debouncer.v":51)
Compiling module 'debouncer'("C:\Tupao\GowinFPGA\GowinProjects\debouncer\src\sync_debouncer.v":24)
WARN  (EX3791) : Expression size 27 truncated to fit in target size 26("C:\Tupao\GowinFPGA\GowinProjects\debouncer\src\sync_debouncer.v":42)
NOTE  (EX0101) : Current top module is "TOP"
[5%] Running netlist conversion ...
WARN  (CV0016) : Input buttonB is unused("C:\Tupao\GowinFPGA\GowinProjects\debouncer\src\TOP.v":7)
Running device independent optimization ...
[10%] Optimizing Phase 0 completed
[15%] Optimizing Phase 1 completed
[25%] Optimizing Phase 2 completed
Running inference ...
[30%] Inferring Phase 0 completed
[40%] Inferring Phase 1 completed
[50%] Inferring Phase 2 completed
[55%] Inferring Phase 3 completed
Running technical mapping ...
[60%] Tech-Mapping Phase 0 completed
[65%] Tech-Mapping Phase 1 completed
[75%] Tech-Mapping Phase 2 completed
[80%] Tech-Mapping Phase 3 completed
[90%] Tech-Mapping Phase 4 completed
[95%] Generate netlist file "C:\Tupao\GowinFPGA\GowinProjects\debouncer\impl\gwsynthesis\debouncer.vg" completed
[100%] Generate report file "C:\Tupao\GowinFPGA\GowinProjects\debouncer\impl\gwsynthesis\debouncer_syn.rpt.html" completed
GowinSynthesis finish
