GowinSynthesis start
Running parser ...
Analyzing Verilog file 'C:\Users\GuilhermeY\Github\GowinFPGA\GowinProjects\PSRAM_UART\src\gowin_rpll_27_to_84.v'
Analyzing Verilog file 'C:\Users\GuilhermeY\Github\GowinFPGA\GowinProjects\PSRAM_UART\src\PSRAM.v'
Analyzing Verilog file 'C:\Users\GuilhermeY\Github\GowinFPGA\GowinProjects\PSRAM_UART\src\Sync_Debouncer.v'
Analyzing Verilog file 'C:\Users\GuilhermeY\Github\GowinFPGA\GowinProjects\PSRAM_UART\src\TOP.v'
Analyzing Verilog file 'C:\Users\GuilhermeY\Github\GowinFPGA\GowinProjects\PSRAM_UART\src\UART.v'
Compiling module 'TOP'("C:\Users\GuilhermeY\Github\GowinFPGA\GowinProjects\PSRAM_UART\src\TOP.v":3)
Compiling module 'gowin_rpll_27_to_84'("C:\Users\GuilhermeY\Github\GowinFPGA\GowinProjects\PSRAM_UART\src\gowin_rpll_27_to_84.v":9)
Compiling module 'psram'("C:\Users\GuilhermeY\Github\GowinFPGA\GowinProjects\PSRAM_UART\src\PSRAM.v":235)
Compiling module 'memory_driver'("C:\Users\GuilhermeY\Github\GowinFPGA\GowinProjects\PSRAM_UART\src\PSRAM.v":20)
Compiling module 'uart(DELAY_FRAMES=729,BUFFER_LENGTH=6)'("C:\Users\GuilhermeY\Github\GowinFPGA\GowinProjects\PSRAM_UART\src\UART.v":26)
WARN  (EX3791) : Expression size 5 truncated to fit in target size 4("C:\Users\GuilhermeY\Github\GowinFPGA\GowinProjects\PSRAM_UART\src\UART.v":177)
WARN  (EX3791) : Expression size 5 truncated to fit in target size 4("C:\Users\GuilhermeY\Github\GowinFPGA\GowinProjects\PSRAM_UART\src\UART.v":222)
NOTE  (EX0101) : Current top module is "TOP"
[5%] Running netlist conversion ...
Running device independent optimization ...
[10%] Optimizing Phase 0 completed
[15%] Optimizing Phase 1 completed
[25%] Optimizing Phase 2 completed
Running inference ...
[30%] Inferring Phase 0 completed
[40%] Inferring Phase 1 completed
[50%] Inferring Phase 2 completed
[55%] Inferring Phase 3 completed
Running technical mapping ...
[60%] Tech-Mapping Phase 0 completed
[65%] Tech-Mapping Phase 1 completed
[75%] Tech-Mapping Phase 2 completed
[80%] Tech-Mapping Phase 3 completed
[90%] Tech-Mapping Phase 4 completed
[95%] Generate netlist file "C:\Users\GuilhermeY\Github\GowinFPGA\GowinProjects\PSRAM_UART\impl\gwsynthesis\PSRAM_UART.vg" completed
[100%] Generate report file "C:\Users\GuilhermeY\Github\GowinFPGA\GowinProjects\PSRAM_UART\impl\gwsynthesis\PSRAM_UART_syn.rpt.html" completed
GowinSynthesis finish
