Reading netlist file: "C:\Users\GuilhermeY\Github\GowinFPGA\GowinProjects\UART_com\impl\gwsynthesis\UART_com.vg"
Parsing netlist file "C:\Users\GuilhermeY\Github\GowinFPGA\GowinProjects\UART_com\impl\gwsynthesis\UART_com.vg" completed
Processing netlist completed
Reading constraint file: "C:\Users\GuilhermeY\Github\GowinFPGA\GowinProjects\UART_com\src\UART.cst"
Physical Constraint parsed completed
Running placement......
[10%] Placement Phase 0 completed
[20%] Placement Phase 1 completed
[30%] Placement Phase 2 completed
[50%] Placement Phase 3 completed
Running routing......
[60%] Routing Phase 0 completed
[70%] Routing Phase 1 completed
[80%] Routing Phase 2 completed
[90%] Routing Phase 3 completed
Running timing analysis......
[95%] Timing analysis completed
Placement and routing completed
Bitstream generation in progress......
Bitstream generation completed
Running power analysis......
[100%] Power analysis completed
Generate file "C:\Users\GuilhermeY\Github\GowinFPGA\GowinProjects\UART_com\impl\pnr\UART_com.power.html" completed
Generate file "C:\Users\GuilhermeY\Github\GowinFPGA\GowinProjects\UART_com\impl\pnr\UART_com.pin.html" completed
Generate file "C:\Users\GuilhermeY\Github\GowinFPGA\GowinProjects\UART_com\impl\pnr\UART_com.rpt.html" completed
Generate file "C:\Users\GuilhermeY\Github\GowinFPGA\GowinProjects\UART_com\impl\pnr\UART_com.rpt.txt" completed
Generate file "C:\Users\GuilhermeY\Github\GowinFPGA\GowinProjects\UART_com\impl\pnr\UART_com.tr.html" completed
Tue May 14 12:05:36 2024

